<?xml version="1.0" encoding="UTF-8"?>
<testsuite name="com.kodilla.stream.simple.SimpleInvoiceTestSuite" tests="1" skipped="0" failures="0" errors="0" timestamp="2019-01-29T11:24:30" hostname="DESKTOP-3V0R2PN" time="0.004">
  <properties/>
  <testcase name="testGetValueToPay" classname="com.kodilla.stream.simple.SimpleInvoiceTestSuite" time="0.004"/>
  <system-out><![CDATA[]]></system-out>
  <system-err><![CDATA[]]></system-err>
</testsuite>
