<?xml version="1.0" encoding="UTF-8"?>
<testsuite name="com.kodilla.stream.array.ArrayOperationsTestSuite" tests="1" skipped="0" failures="0" errors="0" timestamp="2019-01-29T11:24:30" hostname="DESKTOP-3V0R2PN" time="0.014">
  <properties/>
  <testcase name="testGetAverage" classname="com.kodilla.stream.array.ArrayOperationsTestSuite" time="0.014"/>
  <system-out><![CDATA[1
2
3
4
5
6
7
8
9
22
33
44
]]></system-out>
  <system-err><![CDATA[]]></system-err>
</testsuite>
